<?xml version="1.0" encoding="UTF-8"?>
<!-- Generated by org.testng.reporters.JUnitXMLReporter -->
<testsuite hostname="TetuanW10Dev23" ignored="1" name="Default test" tests="1" failures="0" timestamp="2020-09-08T12:44:52 CEST" time="182.728" errors="0">
  <testcase name="homologacionRepresentanteTest" time="149.889" classname="com.mcin.qa.testcases.SolicitudHomologacionPageTest"/>
  <testcase name="homologacionSolicitanteTest" time="0.0" classname="com.mcin.qa.testcases.SolicitudHomologacionPageTest">
    <ignored/>
  </testcase> <!-- homologacionSolicitanteTest -->
</testsuite> <!-- Default test -->
