<?xml version="1.0" encoding="UTF-8"?>
<!-- Generated by org.testng.reporters.JUnitXMLReporter -->
<testsuite hostname="TetuanW10Dev23" ignored="1" name="Default test" tests="1" failures="0" timestamp="2020-09-07T09:58:31 CEST" time="152.389" errors="0">
  <testcase name="homologacionSolicitanteTest" time="120.958" classname="com.mcin.qa.testcases.SolicitudHomologacionPageTest"/>
  <testcase name="homologacionRepresentanteTest" time="0.0" classname="com.mcin.qa.testcases.SolicitudHomologacionPageTest">
    <ignored/>
  </testcase> <!-- homologacionRepresentanteTest -->
</testsuite> <!-- Default test -->
