<?xml version="1.0" encoding="UTF-8"?>
<testng-results skipped="0" failed="0" ignored="1" total="2" passed="1">
  <reporter-output>
  </reporter-output>
  <suite name="Default suite" duration-ms="182728" started-at="2020-09-08T12:41:49 CEST" finished-at="2020-09-08T12:44:52 CEST">
    <groups>
    </groups>
    <test name="Default test" duration-ms="182728" started-at="2020-09-08T12:41:49 CEST" finished-at="2020-09-08T12:44:52 CEST">
      <class name="com.mcin.qa.testcases.SolicitudHomologacionPageTest">
        <test-method status="PASS" signature="setUp()[pri:0, instance:com.mcin.qa.testcases.SolicitudHomologacionPageTest@2bbf4b8b]" name="setUp" is-config="true" duration-ms="31832" started-at="2020-09-08T12:41:49 CEST" finished-at="2020-09-08T12:42:21 CEST">
          <reporter-output>
          </reporter-output>
        </test-method> <!-- setUp -->
        <test-method status="PASS" signature="homologacionRepresentanteTest()[pri:2, instance:com.mcin.qa.testcases.SolicitudHomologacionPageTest@2bbf4b8b]" name="homologacionRepresentanteTest" duration-ms="149889" started-at="2020-09-08T12:42:21 CEST" finished-at="2020-09-08T12:44:51 CEST">
          <reporter-output>
          </reporter-output>
        </test-method> <!-- homologacionRepresentanteTest -->
        <test-method status="PASS" signature="tearDown()[pri:0, instance:com.mcin.qa.testcases.SolicitudHomologacionPageTest@2bbf4b8b]" name="tearDown" is-config="true" duration-ms="957" started-at="2020-09-08T12:44:51 CEST" finished-at="2020-09-08T12:44:52 CEST">
          <reporter-output>
          </reporter-output>
        </test-method> <!-- tearDown -->
      </class> <!-- com.mcin.qa.testcases.SolicitudHomologacionPageTest -->
    </test> <!-- Default test -->
  </suite> <!-- Default suite -->
</testng-results>
